Arguments: 
  /Users/lirancohen/n/bin/node /usr/local/Cellar/yarn/1.19.1/libexec/bin/yarn.js init

PATH: 
  /Users/lirancohen/.rvm/gems/ruby-2.6.3/bin:/Users/lirancohen/.rvm/gems/ruby-2.6.3@global/bin:/Users/lirancohen/.rvm/rubies/ruby-2.6.3/bin:/Users/lirancohen/n/bin:/usr/local/bin:/usr/bin:/bin:/usr/sbin:/sbin:/Users/lirancohen/.rvm/bin;:~/bin;:/Users/lirancohen/.rvm/bin

Yarn version: 
  1.19.1

Node version: 
  12.14.0

Platform: 
  darwin x64

Trace: 
  Error: canceled
      at Interface.<anonymous> (/usr/local/Cellar/yarn/1.19.1/libexec/lib/cli.js:136824:13)
      at Interface.emit (events.js:210:5)
      at Interface._ttyWrite (readline.js:887:16)
      at ReadStream.onkeypress (readline.js:191:10)
      at ReadStream.emit (events.js:210:5)
      at emitKeys (internal/readline/utils.js:433:14)
      at emitKeys.next (<anonymous>)
      at ReadStream.onData (readline.js:1153:36)
      at ReadStream.emit (events.js:210:5)
      at addChunk (_stream_readable.js:309:12)

npm manifest: 
  No manifest

yarn manifest: 
  No manifest

Lockfile: 
  No lockfile
